2026-05-09 01:54:13,722 [INFO] Requesting live API data...
2026-05-09 01:54:14,080 [WARNING] API unavailable (403 Client Error: Forbidden for url: https://data.opendatasoft.com/api/explore/v2.1/catalog/datasets/us-nonprofits/records?limit=30&select=organization_name%2Ccity%2Cstate%2Cntee_code%2Casset_amount%2Cwebsite&where=city+IS+NOT+NULL+AND+organization_name+IS+NOT+NULL&order_by=asset_amount+DESC). Using seed data.
2026-05-09 01:54:14,090 [INFO] Cleaning 30 raw rows...
2026-05-09 01:54:14,096 [INFO] Dropped 0 duplicates.
2026-05-09 01:54:14,100 [INFO] Clean dataset: 30 rows.
2026-05-09 01:54:14,402 [INFO] Exported -> output/leads_20260509_015414.xlsx
2026-05-09 01:54:22,939 [INFO] Requesting live API data...
2026-05-09 01:54:23,030 [WARNING] API unavailable (403 Client Error: Forbidden for url: https://data.opendatasoft.com/api/explore/v2.1/catalog/datasets/us-nonprofits/records?limit=30&select=organization_name%2Ccity%2Cstate%2Cntee_code%2Casset_amount%2Cwebsite&where=city+IS+NOT+NULL+AND+organization_name+IS+NOT+NULL&order_by=asset_amount+DESC). Using seed data.
2026-05-09 01:54:23,035 [INFO] Cleaning 30 raw rows...
2026-05-09 01:54:23,038 [INFO] Dropped 0 duplicates.
2026-05-09 01:54:23,041 [INFO] Clean dataset: 30 rows.
2026-05-09 01:54:23,173 [INFO] Exported -> output/leads_20260509_015423.xlsx
2026-05-10 07:46:24,985 [INFO] Requesting live API data...
2026-05-10 07:46:26,232 [WARNING] API unavailable (404 Client Error: Not Found for url: https://data.opendatasoft.com/api/explore/v2.1/catalog/datasets/us-nonprofits/records?limit=30&select=organization_name%2Ccity%2Cstate%2Cntee_code%2Casset_amount%2Cwebsite&where=city+IS+NOT+NULL+AND+organization_name+IS+NOT+NULL&order_by=asset_amount+DESC). Using seed data.
2026-05-10 07:46:26,296 [INFO] Cleaning 30 raw rows...
2026-05-10 07:54:04,463 [INFO] Requesting live API data...
2026-05-10 07:54:05,386 [WARNING] API unavailable (404 Client Error: Not Found for url: https://data.opendatasoft.com/api/explore/v2.1/catalog/datasets/us-nonprofits/records?limit=30&select=organization_name%2Ccity%2Cstate%2Cntee_code%2Casset_amount%2Cwebsite&where=city+IS+NOT+NULL+AND+organization_name+IS+NOT+NULL&order_by=asset_amount+DESC). Using seed data.
2026-05-10 07:54:05,434 [INFO] Cleaning 30 raw rows...
2026-05-10 07:54:05,500 [INFO] Dropped 0 duplicates.
2026-05-10 07:54:05,525 [INFO] Clean dataset: 30 rows.
2026-05-10 07:54:08,799 [INFO] Exported -> output\leads_20260510_075405.xlsx
2026-05-10 07:54:21,142 [INFO] Requesting live API data...
2026-05-10 07:54:22,170 [WARNING] API unavailable (404 Client Error: Not Found for url: https://data.opendatasoft.com/api/explore/v2.1/catalog/datasets/us-nonprofits/records?limit=30&select=organization_name%2Ccity%2Cstate%2Cntee_code%2Casset_amount%2Cwebsite&where=city+IS+NOT+NULL+AND+organization_name+IS+NOT+NULL&order_by=asset_amount+DESC). Using seed data.
2026-05-10 07:54:22,180 [INFO] Cleaning 30 raw rows...
2026-05-10 07:54:22,196 [INFO] Dropped 0 duplicates.
2026-05-10 07:54:22,203 [INFO] Clean dataset: 30 rows.
2026-05-10 07:54:22,971 [INFO] Exported -> output\leads_20260510_075422.xlsx
